<?xml version="1.0" encoding="UTF-8"?>
<!-- Generated by org.testng.reporters.JUnitXMLReporter -->
<testsuite ignored="0" hostname="DESKTOP-AIS7TFA" failures="1" tests="40" name="Luma Test Cases" time="457.033" errors="0" timestamp="2024-06-17T22:41:15 IST">
  <testcase classname="com.luma.testcases.TC_LinkTest" name="linkTest" time="8.666"/>
  <testcase classname="com.luma.testcases.TC_LogInTest" name="test1" time="8.461"/>
  <testcase classname="com.luma.testcases.TC_LogInTest" name="test2" time="0.094"/>
  <testcase classname="com.luma.testcases.TC_LogInTest" name="test3" time="0.12"/>
  <testcase classname="com.luma.testcases.TC_LogInTest" name="test4" time="4.217"/>
  <testcase classname="com.luma.testcases.TC_LogInTest" name="test5" time="3.081"/>
  <testcase classname="com.luma.testcases.TC_InvalidLoginTest" name="test1" time="6.599"/>
  <testcase classname="com.luma.testcases.TC_InvalidLoginTest" name="test2" time="8.833"/>
  <testcase classname="com.luma.testcases.TC_RegisterPage" name="test1" time="7.634"/>
  <testcase classname="com.luma.testcases.TC_RegisterPage" name="test2" time="5.066"/>
  <testcase classname="com.luma.testcases.TC_RegisterPage" name="testUserVerify" time="0.095">
    <failure type="java.lang.AssertionError" message="expected [My Account] but found [Create New Customer Account]">
      <![CDATA[java.lang.AssertionError: expected [My Account] but found [Create New Customer Account]
at com.luma.testcases.TC_RegisterPage.testUserVerify(TC_RegisterPage.java:39)
at java.base/java.util.ArrayList.forEach(ArrayList.java:1511)
... Removed 33 stack frames]]>
    </failure>
  </testcase> <!-- testUserVerify -->
  <testcase classname="com.luma.testcases.TC_InvalidRegisterTest" name="test1" time="7.31"/>
  <testcase classname="com.luma.testcases.TC_InvalidRegisterTest" name="test2" time="8.876"/>
  <testcase classname="com.luma.testcases.TC_LinksVerification" name="test1" time="8.0"/>
  <testcase classname="com.luma.testcases.TC_LinksVerification" name="test2" time="2.1"/>
  <testcase classname="com.luma.testcases.TC_SearchBoxSuggestions" name="test1" time="8.053"/>
  <testcase classname="com.luma.testcases.TC_SearchBoxSuggestions" name="test2" time="4.884"/>
  <testcase classname="com.luma.testcases.TC_SearchBoxSuggestions" name="test3" time="5.438"/>
  <testcase classname="com.luma.testcases.TC_InvalidProductResult" name="test1" time="7.136"/>
  <testcase classname="com.luma.testcases.TC_InvalidProductResult" name="test2" time="4.852"/>
  <testcase classname="com.luma.testcases.TC_InvalidProductResult" name="test3" time="9.548"/>
  <testcase classname="com.luma.testcases.TC_SearchProduct" name="test1" time="8.341"/>
  <testcase classname="com.luma.testcases.TC_SearchProduct" name="test2" time="4.72"/>
  <testcase classname="com.luma.testcases.TC_SearchProduct" name="test3" time="6.329"/>
  <testcase classname="com.luma.testcases.TC_ValidateMainElements" name="test1" time="6.144"/>
  <testcase classname="com.luma.testcases.TC_ValidateMainElements" name="test2" time="0.725"/>
  <testcase classname="com.luma.testcases.TC_ValidateMainElements" name="test3" time="3.027"/>
  <testcase classname="com.luma.testcases.TC_VerifyingFilters" name="test1" time="8.374"/>
  <testcase classname="com.luma.testcases.TC_VerifyingFilters" name="test2" time="4.987"/>
  <testcase classname="com.luma.testcases.TC_VerifyingFilters" name="test3" time="11.084"/>
  <testcase classname="com.luma.testcases.TC_CompareandAddProducts" name="test1" time="6.687"/>
  <testcase classname="com.luma.testcases.TC_CompareandAddProducts" name="test2" time="4.979"/>
  <testcase classname="com.luma.testcases.TC_CompareandAddProducts" name="test3" time="77.489"/>
  <testcase classname="com.luma.testcases.TC_AddToCartandValidateTest" name="test1" time="8.588"/>
  <testcase classname="com.luma.testcases.TC_AddToCartandValidateTest" name="test2" time="4.357"/>
  <testcase classname="com.luma.testcases.TC_AddToCartandValidateTest" name="test3" time="40.872"/>
  <testcase classname="com.luma.testcases.TC_ShippingandReviewPayment" name="test1" time="7.154"/>
  <testcase classname="com.luma.testcases.TC_ShippingandReviewPayment" name="test2" time="4.283"/>
  <testcase classname="com.luma.testcases.TC_ShippingandReviewPayment" name="test3" time="39.18"/>
  <testcase classname="com.luma.testcases.TC_ShippingandReviewPayment" name="test4" time="47.083"/>
</testsuite> <!-- Luma Test Cases -->
