<html>
<head>
<title>TestNG:  Luma Test Cases</title>
<link href="../testng.css" rel="stylesheet" type="text/css" />
<link href="../my-testng.css" rel="stylesheet" type="text/css" />

<style type="text/css">
.log { display: none;} 
.stack-trace { display: none;} 
</style>
<script type="text/javascript">
<!--
function flip(e) {
  current = e.style.display;
  if (current == 'block') {
    e.style.display = 'none';
    return 0;
  }
  else {
    e.style.display = 'block';
    return 1;
  }
}

function toggleBox(szDivId, elem, msg1, msg2)
{
  var res = -1;  if (document.getElementById) {
    res = flip(document.getElementById(szDivId));
  }
  else if (document.all) {
    // this is the way old msie versions work
    res = flip(document.all[szDivId]);
  }
  if(elem) {
    if(res == 0) elem.innerHTML = msg1; else elem.innerHTML = msg2;
  }

}

function toggleAllBoxes() {
  if (document.getElementsByTagName) {
    d = document.getElementsByTagName('div');
    for (i = 0; i < d.length; i++) {
      if (d[i].className == 'log') {
        flip(d[i]);
      }
    }
  }
}

// -->
</script>

</head>
<body>
<h2 align='center'>Luma Test Cases</h2><table border='1' align="center">
<tr>
<td>Tests passed/Failed/Skipped:</td><td>39/1/0</td>
</tr><tr>
<td>Started on:</td><td>Mon Jun 17 22:33:38 IST 2024</td>
</tr>
<tr><td>Total time:</td><td>457 seconds (457033 ms)</td>
</tr><tr>
<td>Included groups:</td><td></td>
</tr><tr>
<td>Excluded groups:</td><td></td>
</tr>
</table><p/>
<small><i>(Hover the method name to see the test class name)</i></small><p/>
<table width='100%' border='1' class='invocation-failed'>
<tr><td colspan='4' align='center'><b>FAILED TESTS</b></td></tr>
<tr><td><b>Test method</b></td>
<td><b>Attribute(s)</b></td>
<td width="30%"><b>Exception</b></td>
<td width="10%"><b>Time (seconds)</b></td>
<td><b>Instance</b></td>
</tr>
<tr>
<td title='com.luma.testcases.TC_RegisterPage.testUserVerify()'><b>testUserVerify</b><br>Test class: com.luma.testcases.TC_RegisterPage</td>
<td><div><pre>java.lang.AssertionError: expected [My Account] but found [Create New Customer Account]
	at com.luma.testcases.TC_RegisterPage.testUserVerify(TC_RegisterPage.java:39)
	at java.base/java.util.ArrayList.forEach(ArrayList.java:1511)
... Removed 33 stack frames</pre></div><a href='#' onClick='toggleBox("stack-trace1254827280", this, "Click to show all stack frames", "Click to hide stack frames")'>Click to show all stack frames</a>
<div class='stack-trace' id='stack-trace1254827280'><pre>java.lang.AssertionError: expected [My Account] but found [Create New Customer Account]
	at org.testng.Assert.fail(Assert.java:111)
	at org.testng.Assert.failNotEquals(Assert.java:1578)
	at org.testng.Assert.assertEqualsImpl(Assert.java:150)
	at org.testng.Assert.assertEquals(Assert.java:132)
	at org.testng.Assert.assertEquals(Assert.java:656)
	at org.testng.Assert.assertEquals(Assert.java:666)
	at com.luma.testcases.TC_RegisterPage.testUserVerify(TC_RegisterPage.java:39)
	at java.base/jdk.internal.reflect.NativeMethodAccessorImpl.invoke0(Native Method)
	at java.base/jdk.internal.reflect.NativeMethodAccessorImpl.invoke(NativeMethodAccessorImpl.java:77)
	at java.base/jdk.internal.reflect.DelegatingMethodAccessorImpl.invoke(DelegatingMethodAccessorImpl.java:43)
	at java.base/java.lang.reflect.Method.invoke(Method.java:568)
	at org.testng.internal.invokers.MethodInvocationHelper.invokeMethod(MethodInvocationHelper.java:141)
	at org.testng.internal.invokers.TestInvoker.invokeMethod(TestInvoker.java:686)
	at org.testng.internal.invokers.TestInvoker.invokeTestMethod(TestInvoker.java:230)
	at org.testng.internal.invokers.MethodRunner.runInSequence(MethodRunner.java:63)
	at org.testng.internal.invokers.TestInvoker$MethodInvocationAgent.invoke(TestInvoker.java:992)
	at org.testng.internal.invokers.TestInvoker.invokeTestMethods(TestInvoker.java:203)
	at org.testng.internal.invokers.TestMethodWorker.invokeTestMethods(TestMethodWorker.java:154)
	at org.testng.internal.invokers.TestMethodWorker.run(TestMethodWorker.java:134)
	at java.base/java.util.ArrayList.forEach(ArrayList.java:1511)
	at org.testng.TestRunner.privateRun(TestRunner.java:739)
	at org.testng.TestRunner.run(TestRunner.java:614)
	at org.testng.SuiteRunner.runTest(SuiteRunner.java:421)
	at org.testng.SuiteRunner.runSequentially(SuiteRunner.java:413)
	at org.testng.SuiteRunner.privateRun(SuiteRunner.java:373)
	at org.testng.SuiteRunner.run(SuiteRunner.java:312)
	at org.testng.SuiteRunnerWorker.runSuite(SuiteRunnerWorker.java:52)
	at org.testng.SuiteRunnerWorker.run(SuiteRunnerWorker.java:95)
	at org.testng.TestNG.runSuitesSequentially(TestNG.java:1274)
	at org.testng.TestNG.runSuitesLocally(TestNG.java:1208)
	at org.testng.TestNG.runSuites(TestNG.java:1112)
	at org.testng.TestNG.run(TestNG.java:1079)
	at org.testng.remote.AbstractRemoteTestNG.run(AbstractRemoteTestNG.java:115)
	at org.testng.remote.RemoteTestNG.initAndRun(RemoteTestNG.java:293)
	at org.testng.remote.RemoteTestNG.main(RemoteTestNG.java:91)
</pre></div></td>
<td>0</td>
<td>com.luma.testcases.TC_RegisterPage@606e4010</td></tr>
</table><p>
<table width='100%' border='1' class='invocation-passed'>
<tr><td colspan='4' align='center'><b>PASSED TESTS</b></td></tr>
<tr><td><b>Test method</b></td>
<td><b>Attribute(s)</b></td>
<td width="30%"><b>Exception</b></td>
<td width="10%"><b>Time (seconds)</b></td>
<td><b>Instance</b></td>
</tr>
<tr>
<td title='com.luma.testcases.TC_InvalidRegisterTest.test2()'><b>test2</b><br>Test class: com.luma.testcases.TC_InvalidRegisterTest</td>
<td></td>
<td>8</td>
<td>com.luma.testcases.TC_InvalidRegisterTest@8458f04</td></tr>
<tr>
<td title='com.luma.testcases.TC_AddToCartandValidateTest.test1()'><b>test1</b><br>Test class: com.luma.testcases.TC_AddToCartandValidateTest</td>
<td></td>
<td>8</td>
<td>com.luma.testcases.TC_AddToCartandValidateTest@645aa696</td></tr>
<tr>
<td title='com.luma.testcases.TC_LogInTest.test2()'><b>test2</b><br>Test class: com.luma.testcases.TC_LogInTest</td>
<td></td>
<td>0</td>
<td>com.luma.testcases.TC_LogInTest@909217e</td></tr>
<tr>
<td title='com.luma.testcases.TC_LogInTest.test5()'><b>test5</b><br>Test class: com.luma.testcases.TC_LogInTest</td>
<td></td>
<td>3</td>
<td>com.luma.testcases.TC_LogInTest@909217e</td></tr>
<tr>
<td title='com.luma.testcases.TC_SearchProduct.test2()'><b>test2</b><br>Test class: com.luma.testcases.TC_SearchProduct</td>
<td></td>
<td>4</td>
<td>com.luma.testcases.TC_SearchProduct@5e2c3d18</td></tr>
<tr>
<td title='com.luma.testcases.TC_LogInTest.test1()'><b>test1</b><br>Test class: com.luma.testcases.TC_LogInTest</td>
<td></td>
<td>8</td>
<td>com.luma.testcases.TC_LogInTest@909217e</td></tr>
<tr>
<td title='com.luma.testcases.TC_RegisterPage.test1()'><b>test1</b><br>Test class: com.luma.testcases.TC_RegisterPage</td>
<td></td>
<td>7</td>
<td>com.luma.testcases.TC_RegisterPage@606e4010</td></tr>
<tr>
<td title='com.luma.testcases.TC_SearchProduct.test3()'><b>test3</b><br>Test class: com.luma.testcases.TC_SearchProduct</td>
<td></td>
<td>6</td>
<td>com.luma.testcases.TC_SearchProduct@5e2c3d18</td></tr>
<tr>
<td title='com.luma.testcases.TC_ValidateMainElements.test3()'><b>test3</b><br>Test class: com.luma.testcases.TC_ValidateMainElements</td>
<td></td>
<td>3</td>
<td>com.luma.testcases.TC_ValidateMainElements@2cb4893b</td></tr>
<tr>
<td title='com.luma.testcases.TC_InvalidLoginTest.test1()'><b>test1</b><br>Test class: com.luma.testcases.TC_InvalidLoginTest</td>
<td></td>
<td>6</td>
<td>com.luma.testcases.TC_InvalidLoginTest@18271936</td></tr>
<tr>
<td title='com.luma.testcases.TC_LinksVerification.test1()'><b>test1</b><br>Test class: com.luma.testcases.TC_LinksVerification</td>
<td></td>
<td>8</td>
<td>com.luma.testcases.TC_LinksVerification@48075da3</td></tr>
<tr>
<td title='com.luma.testcases.TC_SearchBoxSuggestions.test2()'><b>test2</b><br>Test class: com.luma.testcases.TC_SearchBoxSuggestions</td>
<td></td>
<td>4</td>
<td>com.luma.testcases.TC_SearchBoxSuggestions@68c9133c</td></tr>
<tr>
<td title='com.luma.testcases.TC_ShippingandReviewPayment.test3()'><b>test3</b><br>Test class: com.luma.testcases.TC_ShippingandReviewPayment</td>
<td></td>
<td>39</td>
<td>com.luma.testcases.TC_ShippingandReviewPayment@6caf0677</td></tr>
<tr>
<td title='com.luma.testcases.TC_CompareandAddProducts.test2()'><b>test2</b><br>Test class: com.luma.testcases.TC_CompareandAddProducts</td>
<td></td>
<td>4</td>
<td>com.luma.testcases.TC_CompareandAddProducts@5b218417</td></tr>
<tr>
<td title='com.luma.testcases.TC_AddToCartandValidateTest.test3()'><b>test3</b><br>Test class: com.luma.testcases.TC_AddToCartandValidateTest</td>
<td></td>
<td>40</td>
<td>com.luma.testcases.TC_AddToCartandValidateTest@645aa696</td></tr>
<tr>
<td title='com.luma.testcases.TC_ShippingandReviewPayment.test4()'><b>test4</b><br>Test class: com.luma.testcases.TC_ShippingandReviewPayment</td>
<td></td>
<td>47</td>
<td>com.luma.testcases.TC_ShippingandReviewPayment@6caf0677</td></tr>
<tr>
<td title='com.luma.testcases.TC_RegisterPage.test2()'><b>test2</b><br>Test class: com.luma.testcases.TC_RegisterPage</td>
<td></td>
<td>5</td>
<td>com.luma.testcases.TC_RegisterPage@606e4010</td></tr>
<tr>
<td title='com.luma.testcases.TC_CompareandAddProducts.test1()'><b>test1</b><br>Test class: com.luma.testcases.TC_CompareandAddProducts</td>
<td></td>
<td>6</td>
<td>com.luma.testcases.TC_CompareandAddProducts@5b218417</td></tr>
<tr>
<td title='com.luma.testcases.TC_InvalidProductResult.test3()'><b>test3</b><br>Test class: com.luma.testcases.TC_InvalidProductResult</td>
<td></td>
<td>9</td>
<td>com.luma.testcases.TC_InvalidProductResult@7a35b0f5</td></tr>
<tr>
<td title='com.luma.testcases.TC_VerifyingFilters.test3()'><b>test3</b><br>Test class: com.luma.testcases.TC_VerifyingFilters</td>
<td></td>
<td>11</td>
<td>com.luma.testcases.TC_VerifyingFilters@cc43f62</td></tr>
<tr>
<td title='com.luma.testcases.TC_LinkTest.linkTest()'><b>linkTest</b><br>Test class: com.luma.testcases.TC_LinkTest</td>
<td></td>
<td>8</td>
<td>com.luma.testcases.TC_LinkTest@3ba987b8</td></tr>
<tr>
<td title='com.luma.testcases.TC_CompareandAddProducts.test3()'><b>test3</b><br>Test class: com.luma.testcases.TC_CompareandAddProducts</td>
<td></td>
<td>77</td>
<td>com.luma.testcases.TC_CompareandAddProducts@5b218417</td></tr>
<tr>
<td title='com.luma.testcases.TC_ShippingandReviewPayment.test2()'><b>test2</b><br>Test class: com.luma.testcases.TC_ShippingandReviewPayment</td>
<td></td>
<td>4</td>
<td>com.luma.testcases.TC_ShippingandReviewPayment@6caf0677</td></tr>
<tr>
<td title='com.luma.testcases.TC_InvalidRegisterTest.test1()'><b>test1</b><br>Test class: com.luma.testcases.TC_InvalidRegisterTest</td>
<td></td>
<td>7</td>
<td>com.luma.testcases.TC_InvalidRegisterTest@8458f04</td></tr>
<tr>
<td title='com.luma.testcases.TC_SearchBoxSuggestions.test1()'><b>test1</b><br>Test class: com.luma.testcases.TC_SearchBoxSuggestions</td>
<td></td>
<td>8</td>
<td>com.luma.testcases.TC_SearchBoxSuggestions@68c9133c</td></tr>
<tr>
<td title='com.luma.testcases.TC_SearchBoxSuggestions.test3()'><b>test3</b><br>Test class: com.luma.testcases.TC_SearchBoxSuggestions</td>
<td></td>
<td>5</td>
<td>com.luma.testcases.TC_SearchBoxSuggestions@68c9133c</td></tr>
<tr>
<td title='com.luma.testcases.TC_LogInTest.test3()'><b>test3</b><br>Test class: com.luma.testcases.TC_LogInTest</td>
<td></td>
<td>0</td>
<td>com.luma.testcases.TC_LogInTest@909217e</td></tr>
<tr>
<td title='com.luma.testcases.TC_InvalidProductResult.test1()'><b>test1</b><br>Test class: com.luma.testcases.TC_InvalidProductResult</td>
<td></td>
<td>7</td>
<td>com.luma.testcases.TC_InvalidProductResult@7a35b0f5</td></tr>
<tr>
<td title='com.luma.testcases.TC_SearchProduct.test1()'><b>test1</b><br>Test class: com.luma.testcases.TC_SearchProduct</td>
<td></td>
<td>8</td>
<td>com.luma.testcases.TC_SearchProduct@5e2c3d18</td></tr>
<tr>
<td title='com.luma.testcases.TC_ValidateMainElements.test1()'><b>test1</b><br>Test class: com.luma.testcases.TC_ValidateMainElements</td>
<td></td>
<td>6</td>
<td>com.luma.testcases.TC_ValidateMainElements@2cb4893b</td></tr>
<tr>
<td title='com.luma.testcases.TC_VerifyingFilters.test1()'><b>test1</b><br>Test class: com.luma.testcases.TC_VerifyingFilters</td>
<td></td>
<td>8</td>
<td>com.luma.testcases.TC_VerifyingFilters@cc43f62</td></tr>
<tr>
<td title='com.luma.testcases.TC_LinksVerification.test2()'><b>test2</b><br>Test class: com.luma.testcases.TC_LinksVerification</td>
<td></td>
<td>2</td>
<td>com.luma.testcases.TC_LinksVerification@48075da3</td></tr>
<tr>
<td title='com.luma.testcases.TC_InvalidProductResult.test2()'><b>test2</b><br>Test class: com.luma.testcases.TC_InvalidProductResult</td>
<td></td>
<td>4</td>
<td>com.luma.testcases.TC_InvalidProductResult@7a35b0f5</td></tr>
<tr>
<td title='com.luma.testcases.TC_ShippingandReviewPayment.test1()'><b>test1</b><br>Test class: com.luma.testcases.TC_ShippingandReviewPayment</td>
<td></td>
<td>7</td>
<td>com.luma.testcases.TC_ShippingandReviewPayment@6caf0677</td></tr>
<tr>
<td title='com.luma.testcases.TC_ValidateMainElements.test2()'><b>test2</b><br>Test class: com.luma.testcases.TC_ValidateMainElements</td>
<td></td>
<td>0</td>
<td>com.luma.testcases.TC_ValidateMainElements@2cb4893b</td></tr>
<tr>
<td title='com.luma.testcases.TC_LogInTest.test4()'><b>test4</b><br>Test class: com.luma.testcases.TC_LogInTest</td>
<td></td>
<td>4</td>
<td>com.luma.testcases.TC_LogInTest@909217e</td></tr>
<tr>
<td title='com.luma.testcases.TC_InvalidLoginTest.test2()'><b>test2</b><br>Test class: com.luma.testcases.TC_InvalidLoginTest</td>
<td></td>
<td>8</td>
<td>com.luma.testcases.TC_InvalidLoginTest@18271936</td></tr>
<tr>
<td title='com.luma.testcases.TC_VerifyingFilters.test2()'><b>test2</b><br>Test class: com.luma.testcases.TC_VerifyingFilters</td>
<td></td>
<td>4</td>
<td>com.luma.testcases.TC_VerifyingFilters@cc43f62</td></tr>
<tr>
<td title='com.luma.testcases.TC_AddToCartandValidateTest.test2()'><b>test2</b><br>Test class: com.luma.testcases.TC_AddToCartandValidateTest</td>
<td></td>
<td>4</td>
<td>com.luma.testcases.TC_AddToCartandValidateTest@645aa696</td></tr>
</table><p>
</body>
</html>